\BOOKMARK [0][-]{chapter*.1}{Abstract}{}% 1
\BOOKMARK [0][-]{chapter*.3}{List of Figures}{}% 2
\BOOKMARK [0][-]{chapter.1}{Introduction}{}% 3
\BOOKMARK [0][-]{chapter.2}{Compressed Sensing applied to Radio Astronomy}{}% 4
\BOOKMARK [1][-]{section.2.1}{Introduction to Radio Astronomy}{chapter.2}% 5
\BOOKMARK [2][-]{subsection.2.1.1}{The GMRT Telescope}{section.2.1}% 6
\BOOKMARK [2][-]{subsection.2.1.2}{Radio Interferometry}{section.2.1}% 7
\BOOKMARK [2][-]{subsection.2.1.3}{Aperture Synthesis}{section.2.1}% 8
\BOOKMARK [2][-]{subsection.2.1.4}{Dirty Beam and Dirty Images}{section.2.1}% 9
\BOOKMARK [2][-]{subsection.2.1.5}{Deconvolution Operation}{section.2.1}% 10
\BOOKMARK [1][-]{section.2.2}{Motivation for using Compressed Sensing}{chapter.2}% 11
\BOOKMARK [1][-]{section.2.3}{Existing Literature on Compressed Sensing applied to Radio Astronomy}{chapter.2}% 12
\BOOKMARK [0][-]{chapter.3}{Joint reconstruction from multiple observations}{}% 13
\BOOKMARK [1][-]{section.3.1}{Problem Formulation}{chapter.3}% 14
\BOOKMARK [1][-]{section.3.2}{Alternating Algorithm for Simultaneous Recovery}{chapter.3}% 15
\BOOKMARK [2][-]{subsection.3.2.1}{Proximal Methods}{section.3.2}% 16
\BOOKMARK [2][-]{subsection.3.2.2}{Proximal operator for smooth functions}{section.3.2}% 17
\BOOKMARK [2][-]{subsection.3.2.3}{The ISTA Algorithm}{section.3.2}% 18
\BOOKMARK [2][-]{subsection.3.2.4}{The FISTA Algorithm}{section.3.2}% 19
\BOOKMARK [1][-]{section.3.3}{ISTA based Alternating Algorithm for Joint Minimization}{chapter.3}% 20
\BOOKMARK [2][-]{subsection.3.3.1}{ISTA based alternating algorithm pseudo-code}{section.3.3}% 21
\BOOKMARK [1][-]{section.3.4}{FISTA based Alternating Algorithm for Joint Minimization}{chapter.3}% 22
\BOOKMARK [2][-]{subsection.3.4.1}{FISTA based alternating algorithm pseudo-code}{section.3.4}% 23
\BOOKMARK [0][-]{chapter.4}{Experiments and Results}{}% 24
\BOOKMARK [1][-]{section.4.1}{Introduction}{chapter.4}% 25
\BOOKMARK [1][-]{section.4.2}{Experiments on point sources}{chapter.4}% 26
\BOOKMARK [1][-]{section.4.3}{Experiments on Shepp-Logan phantom}{chapter.4}% 27
\BOOKMARK [1][-]{section.4.4}{Experiments on images containing both point and extended sources}{chapter.4}% 28
\BOOKMARK [2][-]{subsection.4.4.1}{Experiment to confirm need for better description}{section.4.4}% 29
\BOOKMARK [2][-]{subsection.4.4.2}{Experiments on images of Shepp-Logan phantom along with stars}{section.4.4}% 30
\BOOKMARK [2][-]{subsection.4.4.3}{Experiment on images containing astronomical extended and point sources}{section.4.4}% 31
\BOOKMARK [2][-]{subsection.4.4.4}{Heuristic solution to difference in sampling points problem}{section.4.4}% 32
\BOOKMARK [2][-]{subsection.4.4.5}{Experiment with heuristic}{section.4.4}% 33
\BOOKMARK [0][-]{chapter.5}{Conclusion and Further Work}{}% 34
\BOOKMARK [1][-]{section.5.1}{Conclusion}{chapter.5}% 35
\BOOKMARK [1][-]{section.5.2}{Further Work}{chapter.5}% 36
\BOOKMARK [0][-]{Item.205}{Bibliography}{}% 37
